[E 240210 15:27:25 operations:87] Error fetching historical data: We don't support other than BANKNIFTY & NIFTY 50
    Traceback (most recent call last):
      File "c:\Users\user\Documents\angleOne_trading\operations.py", line 54, in get_index_info
        raise ValueError("We don't support other than BANKNIFTY & NIFTY 50")
    ValueError: We don't support other than BANKNIFTY & NIFTY 50
[E 240210 15:46:17 operations:142] Error fetching historical data: list index out of range
    Traceback (most recent call last):
      File "c:\Users\user\Documents\angleOne_trading\operations.py", line 128, in get_strike_lowprice
        "symboltoken": result_list[0][0],
                       ~~~~~~~~~~~^^^
    IndexError: list index out of range
[E 240210 15:46:22 operations:142] Error fetching historical data: list index out of range
    Traceback (most recent call last):
      File "c:\Users\user\Documents\angleOne_trading\operations.py", line 128, in get_strike_lowprice
        "symboltoken": result_list[0][0],
                       ~~~~~~~~~~~^^^
    IndexError: list index out of range
[E 240210 15:49:07 operations:142] Error fetching historical data: list index out of range
    Traceback (most recent call last):
      File "c:\Users\user\Documents\angleOne_trading\operations.py", line 128, in get_strike_lowprice
        "symboltoken": result_list[0][0],
                       ~~~~~~~~~~~^^^
    IndexError: list index out of range
[E 240210 15:49:12 operations:142] Error fetching historical data: list index out of range
    Traceback (most recent call last):
      File "c:\Users\user\Documents\angleOne_trading\operations.py", line 128, in get_strike_lowprice
        "symboltoken": result_list[0][0],
                       ~~~~~~~~~~~^^^
    IndexError: list index out of range
[E 240210 16:12:32 operations:144] Error fetching historical data: operations.getTokenInfo() argument after ** must be a mapping, not str
    Traceback (most recent call last):
      File "c:\Users\user\Documents\angleOne_trading\operations.py", line 111, in get_strike_lowprice
        return getTokenInfo(**indexname)
               ^^^^^^^^^^^^^^^^^^^^^^^^^
    TypeError: operations.getTokenInfo() argument after ** must be a mapping, not str
[E 240210 16:13:10 operations:144] Error fetching historical data: getTokenInfo() missing 1 required positional argument: 'expiry_date'
    Traceback (most recent call last):
      File "c:\Users\user\Documents\angleOne_trading\operations.py", line 111, in get_strike_lowprice
        return getTokenInfo(*indexname)
               ^^^^^^^^^^^^^^^^^^^^^^^^
    TypeError: getTokenInfo() missing 1 required positional argument: 'expiry_date'
[E 240210 16:14:08 operations:88] Error fetching historical data: 'tuple' object has no attribute 'iloc'
    Traceback (most recent call last):
      File "c:\Users\user\Documents\angleOne_trading\operations.py", line 58, in get_index_info
        index_instrument_token = getTokenInfo('NSE','',index,'','','').iloc[0]['token']
                                 ^^^^^^^^^^^^^^^^^^^^^^^^^^^^^^^^^^^^^^^^^^
    AttributeError: 'tuple' object has no attribute 'iloc'
[E 240210 16:15:45 operations:88] Error fetching historical data: 'tuple' object has no attribute 'iloc'
    Traceback (most recent call last):
      File "c:\Users\user\Documents\angleOne_trading\operations.py", line 58, in get_index_info
        index_instrument_token = getTokenInfo('NSE','',index,'','','').iloc[0]['token']
                                 ^^^^^^^^^^^^^^^^^^^^^^^^^^^^^^^^^^^^^^^^^^
    AttributeError: 'tuple' object has no attribute 'iloc'
[E 240210 16:16:12 operations:88] Error fetching historical data: 'tuple' object has no attribute 'iloc'
    Traceback (most recent call last):
      File "c:\Users\user\Documents\angleOne_trading\operations.py", line 58, in get_index_info
        index_instrument_token = getTokenInfo('NSE','',index,'','','').iloc[0]['token']
                                 ^^^^^^^^^^^^^^^^^^^^^^^^^^^^^^^^^^^^^^^^^^
    AttributeError: 'tuple' object has no attribute 'iloc'
[E 240210 16:18:01 operations:88] Error fetching historical data: 'tuple' object has no attribute 'iloc'
    Traceback (most recent call last):
      File "c:\Users\user\Documents\angleOne_trading\operations.py", line 58, in get_index_info
        index_instrument_token = getTokenInfo('NSE','',index,'','','').iloc[0]['token']
                                 ^^^^^^^^^^^^^^^^^^^^^^^^^^^^^^^^^^^^^^^^^^
    AttributeError: 'tuple' object has no attribute 'iloc'
[E 240210 16:18:46 operations:88] Error fetching historical data: 'str' object has no attribute 'iloc'
    Traceback (most recent call last):
      File "c:\Users\user\Documents\angleOne_trading\operations.py", line 58, in get_index_info
        index_instrument_token = getTokenInfo('NSE','',index,'','','').iloc[0]['token']
                                 ^^^^^^^^^^^^^^^^^^^^^^^^^^^^^^^^^^^^^^^^^^
    AttributeError: 'str' object has no attribute 'iloc'
